[debug] [2022-11-22T15:45:16.364Z] ----------------------------------------------------------------------
[debug] [2022-11-22T15:45:16.365Z] Command:       /usr/local/bin/node /usr/local/bin/firebase init
[debug] [2022-11-22T15:45:16.365Z] CLI Version:   11.16.1
[debug] [2022-11-22T15:45:16.365Z] Platform:      darwin
[debug] [2022-11-22T15:45:16.365Z] Node Version:  v16.14.2
[debug] [2022-11-22T15:45:16.366Z] Time:          Tue Nov 22 2022 12:45:16 GMT-0300 (Brasilia Standard Time)
[debug] [2022-11-22T15:45:16.367Z] ----------------------------------------------------------------------
[debug] 
[debug] [2022-11-22T15:45:16.372Z] > command requires scopes: ["email","openid","https://www.googleapis.com/auth/cloudplatformprojects.readonly","https://www.googleapis.com/auth/firebase","https://www.googleapis.com/auth/cloud-platform"]
[debug] [2022-11-22T15:45:16.373Z] > authorizing via signed-in user (maurilio.jesus.silveira@gmail.com)
[info] 
     ######## #### ########  ######## ########     ###     ######  ########
     ##        ##  ##     ## ##       ##     ##  ##   ##  ##       ##
     ######    ##  ########  ######   ########  #########  ######  ######
     ##        ##  ##    ##  ##       ##     ## ##     ##       ## ##
     ##       #### ##     ## ######## ########  ##     ##  ######  ########

You're about to initialize a Firebase project in this directory:

  /Users/agileadm/Desktop/Estudo/UnB/D. Aplicativo/meau_app

Before we get started, keep in mind:

  * You are currently outside your home directory

[info] 
=== Project Setup
[info] 
[info] First, let's associate this project directory with a Firebase project.
[info] You can create multiple project aliases by running firebase use --add, 
[info] but for now we'll just set up a default project.
[info] 
[info] i  If you want to create a project in a Google Cloud organization or folder, please use "firebase projects:create" instead, and return to this command when you've created the project. 
[debug] [2022-11-22T15:46:45.773Z] >>> [apiv2][query] POST https://cloudresourcemanager.googleapis.com/v1/projects [none]
[debug] [2022-11-22T15:46:45.773Z] >>> [apiv2][body] POST https://cloudresourcemanager.googleapis.com/v1/projects {"projectId":"meau-app","name":"meau-app"}
[debug] [2022-11-22T15:46:51.282Z] <<< [apiv2][status] POST https://cloudresourcemanager.googleapis.com/v1/projects 409
[debug] [2022-11-22T15:46:51.283Z] <<< [apiv2][body] POST https://cloudresourcemanager.googleapis.com/v1/projects {"error":{"code":409,"message":"Requested entity already exists","status":"ALREADY_EXISTS"}}
[debug] [2022-11-22T15:46:51.461Z] FirebaseError: HTTP Error: 409, Requested entity already exists
    at responseToError (/usr/local/lib/node_modules/firebase-tools/lib/responseToError.js:49:12)
    at RetryOperation._fn (/usr/local/lib/node_modules/firebase-tools/lib/apiv2.js:288:77)
    at processTicksAndRejections (node:internal/process/task_queues:96:5)
[error] 
[error] Error: Failed to create project because there is already a project with ID meau-app. Please try again with a unique project ID.
[debug] [2022-11-22T15:47:07.800Z] ----------------------------------------------------------------------
[debug] [2022-11-22T15:47:07.801Z] Command:       /usr/local/bin/node /usr/local/bin/firebase init
[debug] [2022-11-22T15:47:07.801Z] CLI Version:   11.16.1
[debug] [2022-11-22T15:47:07.802Z] Platform:      darwin
[debug] [2022-11-22T15:47:07.802Z] Node Version:  v16.14.2
[debug] [2022-11-22T15:47:07.802Z] Time:          Tue Nov 22 2022 12:47:07 GMT-0300 (Brasilia Standard Time)
[debug] [2022-11-22T15:47:07.803Z] ----------------------------------------------------------------------
[debug] 
[debug] [2022-11-22T15:47:07.807Z] > command requires scopes: ["email","openid","https://www.googleapis.com/auth/cloudplatformprojects.readonly","https://www.googleapis.com/auth/firebase","https://www.googleapis.com/auth/cloud-platform"]
[debug] [2022-11-22T15:47:07.807Z] > authorizing via signed-in user (maurilio.jesus.silveira@gmail.com)
[info] 
     ######## #### ########  ######## ########     ###     ######  ########
     ##        ##  ##     ## ##       ##     ##  ##   ##  ##       ##
     ######    ##  ########  ######   ########  #########  ######  ######
     ##        ##  ##    ##  ##       ##     ## ##     ##       ## ##
     ##       #### ##     ## ######## ########  ##     ##  ######  ########

You're about to initialize a Firebase project in this directory:

  /Users/agileadm/Desktop/Estudo/UnB/D. Aplicativo/meau_app

Before we get started, keep in mind:

  * You are currently outside your home directory

[info] 
=== Project Setup
[info] 
[info] First, let's associate this project directory with a Firebase project.
[info] You can create multiple project aliases by running firebase use --add, 
[info] but for now we'll just set up a default project.
[info] 
[debug] [2022-11-22T15:47:32.462Z] >>> [apiv2][query] GET https://firebase.googleapis.com/v1beta1/projects pageSize=100
[debug] [2022-11-22T15:47:33.164Z] <<< [apiv2][status] GET https://firebase.googleapis.com/v1beta1/projects 200
[debug] [2022-11-22T15:47:33.164Z] <<< [apiv2][body] GET https://firebase.googleapis.com/v1beta1/projects [omitted]
